0 info it worked if it ends with ok
1 verbose cli [ 'node', '/usr/local/bin/npm', 'install', '-g', 'browser-sync' ]
2 info using npm@2.11.3
3 info using node@v0.12.7
4 verbose install initial load of /usr/local/lib/package.json
5 verbose readDependencies loading dependencies from /usr/local/lib/package.json
6 silly cache add args [ 'browser-sync', null ]
7 verbose cache add spec browser-sync
8 silly cache add parsed spec { raw: 'browser-sync',
8 silly cache add   scope: null,
8 silly cache add   name: 'browser-sync',
8 silly cache add   rawSpec: '',
8 silly cache add   spec: '*',
8 silly cache add   type: 'range' }
9 silly addNamed browser-sync@*
10 verbose addNamed "*" is a valid semver range for browser-sync
11 silly addNameRange { name: 'browser-sync', range: '*', hasData: false }
12 silly mapToRegistry name browser-sync
13 silly mapToRegistry using default registry
14 silly mapToRegistry registry https://registry.npmjs.org/
15 silly mapToRegistry uri https://registry.npmjs.org/browser-sync
16 verbose addNameRange registry:https://registry.npmjs.org/browser-sync not in flight; fetching
17 verbose request uri https://registry.npmjs.org/browser-sync
18 verbose request no auth needed
19 info attempt registry request try #1 at 4:10:41 PM
20 verbose request id 627b11dec93d02e6
21 verbose etag "35ZEJFGCUCWWT3J72FDU977JD"
22 http request GET https://registry.npmjs.org/browser-sync
23 http 200 https://registry.npmjs.org/browser-sync
24 silly get cb [ 200,
24 silly get   { server: 'CouchDB/1.5.0 (Erlang OTP/R16B03)',
24 silly get     etag: '"BEIR8KHPJ5MFM1KXLZVSBGT82"',
24 silly get     'content-type': 'application/json',
24 silly get     'content-encoding': 'gzip',
24 silly get     'cache-control': 'max-age=300',
24 silly get     'content-length': '39730',
24 silly get     'accept-ranges': 'bytes',
24 silly get     date: 'Thu, 16 Jun 2016 13:11:03 GMT',
24 silly get     via: '1.1 varnish',
24 silly get     age: '135',
24 silly get     connection: 'keep-alive',
24 silly get     'x-served-by': 'cache-fra1239-FRA',
24 silly get     'x-cache': 'HIT',
24 silly get     'x-cache-hits': '2',
24 silly get     'x-timer': 'S1466082663.810254,VS0,VE0',
24 silly get     vary: 'Accept-Encoding' } ]
25 verbose get saving browser-sync to /Users/komarichev/.npm/registry.npmjs.org/browser-sync/.cache.json
26 silly addNameRange number 2 { name: 'browser-sync', range: '*', hasData: true }
27 silly addNameRange versions [ 'browser-sync',
27 silly addNameRange   [ '0.1.0',
27 silly addNameRange     '0.1.1',
27 silly addNameRange     '0.1.3',
27 silly addNameRange     '0.1.5',
27 silly addNameRange     '0.1.6',
27 silly addNameRange     '0.1.7',
27 silly addNameRange     '0.1.8',
27 silly addNameRange     '0.1.9',
27 silly addNameRange     '0.1.10',
27 silly addNameRange     '0.2.0',
27 silly addNameRange     '0.2.1',
27 silly addNameRange     '0.3.0',
27 silly addNameRange     '0.3.1',
27 silly addNameRange     '0.3.2',
27 silly addNameRange     '0.3.3',
27 silly addNameRange     '0.3.4',
27 silly addNameRange     '0.3.5',
27 silly addNameRange     '0.3.6',
27 silly addNameRange     '0.3.7',
27 silly addNameRange     '0.3.8',
27 silly addNameRange     '0.3.10',
27 silly addNameRange     '0.4.0',
27 silly addNameRange     '0.4.1',
27 silly addNameRange     '0.4.2',
27 silly addNameRange     '0.4.21',
27 silly addNameRange     '0.4.3',
27 silly addNameRange     '0.4.4',
27 silly addNameRange     '0.4.5',
27 silly addNameRange     '0.4.6',
27 silly addNameRange     '0.4.7',
27 silly addNameRange     '0.4.8',
27 silly addNameRange     '0.4.9',
27 silly addNameRange     '0.4.10',
27 silly addNameRange     '0.4.11',
27 silly addNameRange     '0.4.12',
27 silly addNameRange     '0.5.0',
27 silly addNameRange     '0.5.1',
27 silly addNameRange     '0.5.2',
27 silly addNameRange     '0.5.3',
27 silly addNameRange     '0.5.4',
27 silly addNameRange     '0.5.5',
27 silly addNameRange     '0.5.6',
27 silly addNameRange     '0.5.7',
27 silly addNameRange     '0.5.8',
27 silly addNameRange     '0.5.9',
27 silly addNameRange     '0.6.0',
27 silly addNameRange     '0.6.1',
27 silly addNameRange     '0.6.2',
27 silly addNameRange     '0.7.0',
27 silly addNameRange     '0.7.1',
27 silly addNameRange     '0.7.2',
27 silly addNameRange     '0.7.3',
27 silly addNameRange     '0.7.4',
27 silly addNameRange     '0.7.5',
27 silly addNameRange     '0.7.7',
27 silly addNameRange     '0.8.0',
27 silly addNameRange     '0.8.1',
27 silly addNameRange     '0.8.2',
27 silly addNameRange     '0.9.0',
27 silly addNameRange     '0.9.1',
27 silly addNameRange     '1.0.0',
27 silly addNameRange     '1.1.0',
27 silly addNameRange     '1.1.1',
27 silly addNameRange     '1.1.2',
27 silly addNameRange     '1.2.0',
27 silly addNameRange     '1.2.1',
27 silly addNameRange     '1.3.0',
27 silly addNameRange     '1.3.2',
27 silly addNameRange     '1.3.3',
27 silly addNameRange     '1.3.4',
27 silly addNameRange     '1.3.5',
27 silly addNameRange     '1.3.6',
27 silly addNameRange     '1.3.7',
27 silly addNameRange     '1.5.0',
27 silly addNameRange     '1.5.1',
27 silly addNameRange     '1.5.2',
27 silly addNameRange     '1.5.3',
27 silly addNameRange     '1.5.4',
27 silly addNameRange     '1.5.5',
27 silly addNameRange     '1.5.6',
27 silly addNameRange     '1.5.7',
27 silly addNameRange     '1.5.8',
27 silly addNameRange     '1.5.9',
27 silly addNameRange     '1.6.0',
27 silly addNameRange     '1.6.1',
27 silly addNameRange     '1.6.2',
27 silly addNameRange     '1.6.3',
27 silly addNameRange     '1.6.4',
27 silly addNameRange     '1.6.5',
27 silly addNameRange     '1.7.0',
27 silly addNameRange     '1.7.1',
27 silly addNameRange     '1.7.2',
27 silly addNameRange     '1.7.3',
27 silly addNameRange     '1.8.0',
27 silly addNameRange     '1.8.1',
27 silly addNameRange     '1.8.2',
27 silly addNameRange     '1.8.3',
27 silly addNameRange     '1.9.0',
27 silly addNameRange     '1.9.1',
27 silly addNameRange     '2.0.0-rc1',
27 silly addNameRange     '2.0.0-rc2',
27 silly addNameRange     '2.0.0-rc3',
27 silly addNameRange     '2.0.0-rc4',
27 silly addNameRange     '2.0.0-rc5',
27 silly addNameRange     '2.0.0-rc6',
27 silly addNameRange     '2.0.0-rc7',
27 silly addNameRange     '2.0.0-rc8',
27 silly addNameRange     '2.0.0-rc9',
27 silly addNameRange     '2.0.0-rc10',
27 silly addNameRange     '2.0.0',
27 silly addNameRange     '2.0.1',
27 silly addNameRange     '2.1.0',
27 silly addNameRange     '2.1.1',
27 silly addNameRange     '2.1.2',
27 silly addNameRange     '2.1.3',
27 silly addNameRange     '2.1.4',
27 silly addNameRange     '2.1.6',
27 silly addNameRange     '2.2.0',
27 silly addNameRange     '2.2.1',
27 silly addNameRange     '2.2.2',
27 silly addNameRange     '2.2.3',
27 silly addNameRange     '2.2.4',
27 silly addNameRange     '2.2.5',
27 silly addNameRange     '2.3.0',
27 silly addNameRange     '2.3.1',
27 silly addNameRange     '2.3.2',
27 silly addNameRange     '2.4.0',
27 silly addNameRange     '2.4.1',
27 silly addNameRange     '2.5.0',
27 silly addNameRange     '2.5.1',
27 silly addNameRange     '2.5.2',
27 silly addNameRange     '2.5.3',
27 silly addNameRange     '2.6.0',
27 silly addNameRange     '2.6.1',
27 silly addNameRange     '2.6.2',
27 silly addNameRange     '2.6.3',
27 silly addNameRange     '2.6.4',
27 silly addNameRange     '2.6.5',
27 silly addNameRange     '2.6.6',
27 silly addNameRange     '1.9.2',
27 silly addNameRange     '2.6.7',
27 silly addNameRange     '2.6.8',
27 silly addNameRange     '2.6.9',
27 silly addNameRange     '2.6.10',
27 silly addNameRange     '2.6.11',
27 silly addNameRange     '2.7.0',
27 silly addNameRange     '2.7.1',
27 silly addNameRange     '2.7.2',
27 silly addNameRange     '2.7.3',
27 silly addNameRange     '2.7.4',
27 silly addNameRange     '2.7.5',
27 silly addNameRange     '2.7.6',
27 silly addNameRange     '2.7.7',
27 silly addNameRange     '2.7.8',
27 silly addNameRange     '2.7.9',
27 silly addNameRange     '2.7.10',
27 silly addNameRange     '2.7.11',
27 silly addNameRange     '2.7.12',
27 silly addNameRange     '2.7.13',
27 silly addNameRange     '2.8.0',
27 silly addNameRange     '2.8.1',
27 silly addNameRange     '2.8.2',
27 silly addNameRange     '2.8.3',
27 silly addNameRange     '2.9.0',
27 silly addNameRange     '2.9.1',
27 silly addNameRange     '2.9.2',
27 silly addNameRange     '2.9.3',
27 silly addNameRange     '2.9.4',
27 silly addNameRange     '2.9.5',
27 silly addNameRange     '2.9.6',
27 silly addNameRange     '2.9.7',
27 silly addNameRange     '2.9.8',
27 silly addNameRange     '2.9.9',
27 silly addNameRange     '2.9.10',
27 silly addNameRange     '2.9.11',
27 silly addNameRange     '2.9.12',
27 silly addNameRange     '2.10.0',
27 silly addNameRange     '2.10.1',
27 silly addNameRange     '2.11.0',
27 silly addNameRange     '2.11.1',
27 silly addNameRange     '2.11.2',
27 silly addNameRange     '2.12.1',
27 silly addNameRange     '2.12.2',
27 silly addNameRange     '2.12.3',
27 silly addNameRange     '2.12.4',
27 silly addNameRange     '2.12.5',
27 silly addNameRange     '2.12.6',
27 silly addNameRange     '2.12.7',
27 silly addNameRange     '2.12.8',
27 silly addNameRange     '2.12.9',
27 silly addNameRange     '2.12.10',
27 silly addNameRange     '2.12.11',
27 silly addNameRange     '2.12.12',
27 silly addNameRange     '2.13.0' ] ]
28 silly addNamed browser-sync@2.13.0
29 verbose addNamed "2.13.0" is a plain semver version for browser-sync
30 silly mapToRegistry name browser-sync
31 silly mapToRegistry using default registry
32 silly mapToRegistry registry https://registry.npmjs.org/
33 silly mapToRegistry uri https://registry.npmjs.org/browser-sync
34 verbose addRemoteTarball https://registry.npmjs.org/browser-sync/-/browser-sync-2.13.0.tgz not in flight; adding
35 verbose addRemoteTarball [ 'https://registry.npmjs.org/browser-sync/-/browser-sync-2.13.0.tgz',
35 verbose addRemoteTarball   'dff8ebcd361ac8e7171fbc0347d82dbb45c6d5ae' ]
36 info retry fetch attempt 1 at 4:11:07 PM
37 info attempt registry request try #1 at 4:11:07 PM
38 http fetch GET https://registry.npmjs.org/browser-sync/-/browser-sync-2.13.0.tgz
39 http fetch 200 https://registry.npmjs.org/browser-sync/-/browser-sync-2.13.0.tgz
40 silly fetchAndShaCheck shasum dff8ebcd361ac8e7171fbc0347d82dbb45c6d5ae
41 verbose addTmpTarball /var/folders/hr/2g2hd7ss5y72cdj4c0p3xc300000gn/T/npm-42948-b836d6c2/registry.npmjs.org/browser-sync/-/browser-sync-2.13.0.tgz not in flight; adding
42 verbose addTmpTarball already have metadata; skipping unpack for browser-sync@2.13.0
43 silly cache afterAdd browser-sync@2.13.0
44 verbose afterAdd /Users/komarichev/.npm/browser-sync/2.13.0/package/package.json not in flight; writing
45 verbose afterAdd /Users/komarichev/.npm/browser-sync/2.13.0/package/package.json written
46 silly install resolved [ { name: 'browser-sync',
46 silly install resolved     description: 'Live CSS Reload & Browser Syncing',
46 silly install resolved     version: '2.13.0',
46 silly install resolved     homepage: 'http://www.browsersync.io/',
46 silly install resolved     author: { name: 'Shane Osbourne' },
46 silly install resolved     repository:
46 silly install resolved      { type: 'git',
46 silly install resolved        url: 'git+https://github.com/browsersync/browser-sync.git' },
46 silly install resolved     license: 'Apache-2.0',
46 silly install resolved     bin: { 'browser-sync': 'bin/browser-sync.js' },
46 silly install resolved     files: [ 'bin', 'index.js', 'lib', 'lodash.custom.js' ],
46 silly install resolved     engines: { node: '>= 0.8.0' },
46 silly install resolved     scripts:
46 silly install resolved      { env: 'node ./test/env.js',
46 silly install resolved        test: 'npm run lint && npm run env && npm run unit',
46 silly install resolved        lint: 'eslint index.js lib bin examples test/specs gulpfile.js',
46 silly install resolved        pro: 'protractor test/protractor/config.single.js',
46 silly install resolved        'pro-local': 'node test/protractor/setup.js',
46 silly install resolved        unit: 'mocha --recursive test/specs --timeout 10000',
46 silly install resolved        cover: 'npm run env && npm run cover-local && npm run coveralls',
46 silly install resolved        'cover-local': 'istanbul cover -x lodash.custom.js _mocha -- --timeout 10000 --recursive ./test/specs',
46 silly install resolved        coveralls: 'istanbul-coveralls',
46 silly install resolved        'pre-release': 'npm test && npm run pro-local && npm run pro',
46 silly install resolved        lodash: 'lodash include=isUndefined,isFunction,toArray,includes,union,each,isString,merge,isObject,set exports=node' },
46 silly install resolved     dependencies:
46 silly install resolved      { 'browser-sync-client': '^2.3.3',
46 silly install resolved        'browser-sync-ui': '0.6.0',
46 silly install resolved        'bs-recipes': '1.2.2',
46 silly install resolved        chokidar: '1.5.1',
46 silly install resolved        connect: '3.4.1',
46 silly install resolved        'dev-ip': '^1.0.1',
46 silly install resolved        'easy-extender': '2.3.2',
46 silly install resolved        'eazy-logger': '3.0.2',
46 silly install resolved        'emitter-steward': '^1.0.0',
46 silly install resolved        'fs-extra': '0.26.7',
46 silly install resolved        'http-proxy': '1.13.3',
46 silly install resolved        immutable: '3.8.1',
46 silly install resolved        localtunnel: '1.8.1',
46 silly install resolved        micromatch: '2.3.8',
46 silly install resolved        opn: '^3.0.2',
46 silly install resolved        portscanner: '^1.0.0',
46 silly install resolved        qs: '6.2.0',
46 silly install resolved        'resp-modifier': '6.0.1',
46 silly install resolved        rx: '4.1.0',
46 silly install resolved        'serve-index': '1.7.3',
46 silly install resolved        'serve-static': '1.10.3',
46 silly install resolved        'server-destroy': '1.0.1',
46 silly install resolved        'socket.io': '1.4.6',
46 silly install resolved        'ua-parser-js': '0.7.10',
46 silly install resolved        yargs: '4.7.1' },
46 silly install resolved     devDependencies:
46 silly install resolved      { 'browser-sync-spa': '1.0.2',
46 silly install resolved        'bs-html-injector': '3.0.2',
46 silly install resolved        'bs-latency': '1.0.0',
46 silly install resolved        'bs-rewrite-rules': '1.0.0',
46 silly install resolved        'bs-snippet-injector': '2.0.1',
46 silly install resolved        chai: '3.2.0',
46 silly install resolved        chalk: '1.1.1',
46 silly install resolved        compression: '1.6.1',
46 silly install resolved        eslint: '1.3.1',
46 silly install resolved        'graceful-fs': '3.0.8',
46 silly install resolved        gulp: '3.9.0',
46 silly install resolved        'gulp-contribs': '0.0.3',
46 silly install resolved        'gulp-conventional-changelog': '0.4.0',
46 silly install resolved        'gulp-filter': '2.0.2',
46 silly install resolved        istanbul: '0.3.19',
46 silly install resolved        'istanbul-coveralls': '1.0.3',
46 silly install resolved        'lodash-cli': '4.13.1',
46 silly install resolved        mocha: '2.3.0',
46 silly install resolved        q: '1.4.1',
46 silly install resolved        request: '2.61.0',
46 silly install resolved        rimraf: '2.5.2',
46 silly install resolved        sinon: '1.15.4',
46 silly install resolved        slugify: '0.1.1',
46 silly install resolved        'socket.io-client': '^1.4.5',
46 silly install resolved        supertest: '1.1.0',
46 silly install resolved        vinyl: '0.5.3' },
46 silly install resolved     keywords: [ 'browser sync', 'css', 'live reload', 'sync' ],
46 silly install resolved     gitHead: 'e7ced1bed7ffdc439f99f9c2211bc67817db1eba',
46 silly install resolved     bugs: { url: 'https://github.com/browsersync/browser-sync/issues' },
46 silly install resolved     _id: 'browser-sync@2.13.0',
46 silly install resolved     _shasum: 'dff8ebcd361ac8e7171fbc0347d82dbb45c6d5ae',
46 silly install resolved     _from: 'browser-sync@*',
46 silly install resolved     _npmVersion: '2.15.1',
46 silly install resolved     _nodeVersion: '4.4.4',
46 silly install resolved     _npmUser: { name: 'shakyshane', email: 'shakyshane@gmail.com' },
46 silly install resolved     dist:
46 silly install resolved      { shasum: 'dff8ebcd361ac8e7171fbc0347d82dbb45c6d5ae',
46 silly install resolved        tarball: 'https://registry.npmjs.org/browser-sync/-/browser-sync-2.13.0.tgz' },
46 silly install resolved     maintainers: [ [Object] ],
46 silly install resolved     _npmOperationalInternal:
46 silly install resolved      { host: 'packages-16-east.internal.npmjs.com',
46 silly install resolved        tmp: 'tmp/browser-sync-2.13.0.tgz_1465312340729_0.3658647472038865' },
46 silly install resolved     directories: {},
46 silly install resolved     _resolved: 'https://registry.npmjs.org/browser-sync/-/browser-sync-2.13.0.tgz' } ]
47 info install browser-sync@2.13.0 into /usr/local/lib
48 info installOne browser-sync@2.13.0
49 verbose installOne of browser-sync to /usr/local/lib not in flight; installing
50 warn locking Error: EACCES, open '/Users/komarichev/.npm/_locks/browser-sync-ed941186c435fb34.lock'
50 warn locking     at Error (native)
50 warn locking  /Users/komarichev/.npm/_locks/browser-sync-ed941186c435fb34.lock failed { [Error: EACCES, open '/Users/komarichev/.npm/_locks/browser-sync-ed941186c435fb34.lock']
50 warn locking   errno: -13,
50 warn locking   code: 'EACCES',
50 warn locking   path: '/Users/komarichev/.npm/_locks/browser-sync-ed941186c435fb34.lock' }
51 verbose stack Error: Attempt to unlock /usr/local/lib/node_modules/browser-sync, which hasn't been locked
51 verbose stack     at unlock (/usr/local/lib/node_modules/npm/lib/utils/locker.js:66:11)
51 verbose stack     at cb (/usr/local/lib/node_modules/npm/lib/install.js:1017:5)
51 verbose stack     at /usr/local/lib/node_modules/npm/lib/install.js:1021:20
51 verbose stack     at /usr/local/lib/node_modules/npm/lib/utils/locker.js:40:9
51 verbose stack     at cb (/usr/local/lib/node_modules/npm/node_modules/lockfile/lockfile.js:149:38)
51 verbose stack     at /usr/local/lib/node_modules/npm/node_modules/lockfile/lockfile.js:177:38
51 verbose stack     at FSReqWrap.oncomplete (fs.js:95:15)
52 verbose cwd /Users/komarichev/goforit/HTML/HTML_module_1
53 error Darwin 14.5.0
54 error argv "node" "/usr/local/bin/npm" "install" "-g" "browser-sync"
55 error node v0.12.7
56 error npm  v2.11.3
57 error Attempt to unlock /usr/local/lib/node_modules/browser-sync, which hasn't been locked
58 error If you need help, you may report this error at:
58 error     <https://github.com/npm/npm/issues>
59 verbose exit [ 1, true ]
